2022-09-04 22:47:13,346 INFO org.springframework.boot.StartupInfoLogger [restartedMain] Starting CustomerApplication using Java 17.0.2 on LAPTOP-H0LB3SG3 with PID 13028 (D:\Customer\target\classes started by furka in D:\Customer)
2022-09-04 22:47:13,347 DEBUG org.springframework.boot.StartupInfoLogger [restartedMain] Running with Spring Boot v2.7.3, Spring v5.3.22
2022-09-04 22:47:13,348 INFO org.springframework.boot.SpringApplication [restartedMain] The following 1 profile is active: "dev"
2022-09-04 22:47:13,394 INFO org.springframework.boot.logging.DeferredLog [restartedMain] Devtools property defaults active! Set 'spring.devtools.add-properties' to 'false' to disable
2022-09-04 22:47:13,394 INFO org.springframework.boot.logging.DeferredLog [restartedMain] For additional web related logging consider setting the 'logging.level.web' property to 'DEBUG'
2022-09-04 22:47:14,057 INFO org.springframework.data.repository.config.RepositoryConfigurationDelegate [restartedMain] Bootstrapping Spring Data JPA repositories in DEFAULT mode.
2022-09-04 22:47:14,108 INFO org.springframework.data.repository.config.RepositoryConfigurationDelegate [restartedMain] Finished Spring Data repository scanning in 39 ms. Found 1 JPA repository interfaces.
2022-09-04 22:47:14,687 INFO org.springframework.boot.web.embedded.tomcat.TomcatWebServer [restartedMain] Tomcat initialized with port(s): 9002 (http)
2022-09-04 22:47:14,697 INFO org.apache.juli.logging.DirectJDKLog [restartedMain] Starting service [Tomcat]
2022-09-04 22:47:14,697 INFO org.apache.juli.logging.DirectJDKLog [restartedMain] Starting Servlet engine: [Apache Tomcat/9.0.65]
2022-09-04 22:47:14,819 INFO org.apache.juli.logging.DirectJDKLog [restartedMain] Initializing Spring embedded WebApplicationContext
2022-09-04 22:47:14,820 INFO org.springframework.boot.web.servlet.context.ServletWebServerApplicationContext [restartedMain] Root WebApplicationContext: initialization completed in 1425 ms
2022-09-04 22:47:14,973 INFO org.hibernate.jpa.internal.util.LogHelper [restartedMain] HHH000204: Processing PersistenceUnitInfo [name: default]
2022-09-04 22:47:15,014 INFO org.hibernate.Version [restartedMain] HHH000412: Hibernate ORM core version 5.6.10.Final
2022-09-04 22:47:15,169 INFO org.hibernate.annotations.common.reflection.java.JavaReflectionManager [restartedMain] HCANN000001: Hibernate Commons Annotations {5.1.2.Final}
2022-09-04 22:47:15,258 INFO com.zaxxer.hikari.HikariDataSource [restartedMain] HikariPool-1 - Starting...
2022-09-04 22:47:15,425 INFO com.zaxxer.hikari.HikariDataSource [restartedMain] HikariPool-1 - Start completed.
2022-09-04 22:47:15,438 INFO org.hibernate.dialect.Dialect [restartedMain] HHH000400: Using dialect: org.hibernate.dialect.PostgreSQLDialect
2022-09-04 22:47:15,937 INFO org.hibernate.engine.transaction.jta.platform.internal.JtaPlatformInitiator [restartedMain] HHH000490: Using JtaPlatform implementation: [org.hibernate.engine.transaction.jta.platform.internal.NoJtaPlatform]
2022-09-04 22:47:15,945 INFO org.springframework.orm.jpa.AbstractEntityManagerFactoryBean [restartedMain] Initialized JPA EntityManagerFactory for persistence unit 'default'
2022-09-04 22:47:16,373 WARN org.springframework.boot.autoconfigure.orm.jpa.JpaBaseConfiguration$JpaWebConfiguration [restartedMain] spring.jpa.open-in-view is enabled by default. Therefore, database queries may be performed during view rendering. Explicitly configure spring.jpa.open-in-view to disable this warning
2022-09-04 22:47:17,566 WARN org.springframework.boot.devtools.autoconfigure.OptionalLiveReloadServer [restartedMain] Unable to start LiveReload server
2022-09-04 22:47:17,614 INFO org.springframework.boot.web.embedded.tomcat.TomcatWebServer [restartedMain] Tomcat started on port(s): 9002 (http) with context path ''
2022-09-04 22:47:17,637 INFO org.springframework.boot.StartupInfoLogger [restartedMain] Started CustomerApplication in 4.773 seconds (JVM running for 6.139)
2022-09-04 22:47:27,470 INFO org.apache.juli.logging.DirectJDKLog [http-nio-9002-exec-1] Initializing Spring DispatcherServlet 'dispatcherServlet'
2022-09-04 22:47:27,470 INFO org.springframework.web.servlet.FrameworkServlet [http-nio-9002-exec-1] Initializing Servlet 'dispatcherServlet'
2022-09-04 22:47:27,471 INFO org.springframework.web.servlet.FrameworkServlet [http-nio-9002-exec-1] Completed initialization in 1 ms
2022-09-04 22:47:27,923 INFO org.springdoc.api.AbstractOpenApiResource [http-nio-9002-exec-2] Init duration for springdoc-openapi is: 291 ms
2022-09-04 22:49:30,512 INFO org.springframework.orm.jpa.AbstractEntityManagerFactoryBean [SpringApplicationShutdownHook] Closing JPA EntityManagerFactory for persistence unit 'default'
2022-09-04 22:49:30,515 INFO com.zaxxer.hikari.HikariDataSource [SpringApplicationShutdownHook] HikariPool-1 - Shutdown initiated...
2022-09-04 22:49:30,520 INFO com.zaxxer.hikari.HikariDataSource [SpringApplicationShutdownHook] HikariPool-1 - Shutdown completed.
2022-09-04 22:53:24,353 INFO org.springframework.boot.StartupInfoLogger [restartedMain] Starting CustomerApplication using Java 17.0.2 on LAPTOP-H0LB3SG3 with PID 17232 (D:\Customer\target\classes started by furka in D:\Customer)
2022-09-04 22:53:24,354 DEBUG org.springframework.boot.StartupInfoLogger [restartedMain] Running with Spring Boot v2.7.3, Spring v5.3.22
2022-09-04 22:53:24,355 INFO org.springframework.boot.SpringApplication [restartedMain] The following 1 profile is active: "dev"
2022-09-04 22:53:24,399 INFO org.springframework.boot.logging.DeferredLog [restartedMain] Devtools property defaults active! Set 'spring.devtools.add-properties' to 'false' to disable
2022-09-04 22:53:24,400 INFO org.springframework.boot.logging.DeferredLog [restartedMain] For additional web related logging consider setting the 'logging.level.web' property to 'DEBUG'
2022-09-04 22:53:25,085 INFO org.springframework.data.repository.config.RepositoryConfigurationDelegate [restartedMain] Bootstrapping Spring Data JPA repositories in DEFAULT mode.
2022-09-04 22:53:25,137 INFO org.springframework.data.repository.config.RepositoryConfigurationDelegate [restartedMain] Finished Spring Data repository scanning in 39 ms. Found 1 JPA repository interfaces.
2022-09-04 22:53:25,675 INFO org.springframework.boot.web.embedded.tomcat.TomcatWebServer [restartedMain] Tomcat initialized with port(s): 9002 (http)
2022-09-04 22:53:25,683 INFO org.apache.juli.logging.DirectJDKLog [restartedMain] Starting service [Tomcat]
2022-09-04 22:53:25,683 INFO org.apache.juli.logging.DirectJDKLog [restartedMain] Starting Servlet engine: [Apache Tomcat/9.0.65]
2022-09-04 22:53:25,788 INFO org.apache.juli.logging.DirectJDKLog [restartedMain] Initializing Spring embedded WebApplicationContext
2022-09-04 22:53:25,788 INFO org.springframework.boot.web.servlet.context.ServletWebServerApplicationContext [restartedMain] Root WebApplicationContext: initialization completed in 1387 ms
2022-09-04 22:53:25,949 INFO org.hibernate.jpa.internal.util.LogHelper [restartedMain] HHH000204: Processing PersistenceUnitInfo [name: default]
2022-09-04 22:53:25,988 INFO org.hibernate.Version [restartedMain] HHH000412: Hibernate ORM core version 5.6.10.Final
2022-09-04 22:53:26,096 INFO org.hibernate.annotations.common.reflection.java.JavaReflectionManager [restartedMain] HCANN000001: Hibernate Commons Annotations {5.1.2.Final}
2022-09-04 22:53:26,174 INFO com.zaxxer.hikari.HikariDataSource [restartedMain] HikariPool-1 - Starting...
2022-09-04 22:53:26,337 INFO com.zaxxer.hikari.HikariDataSource [restartedMain] HikariPool-1 - Start completed.
2022-09-04 22:53:26,349 INFO org.hibernate.dialect.Dialect [restartedMain] HHH000400: Using dialect: org.hibernate.dialect.PostgreSQLDialect
2022-09-04 22:53:26,773 INFO org.hibernate.engine.transaction.jta.platform.internal.JtaPlatformInitiator [restartedMain] HHH000490: Using JtaPlatform implementation: [org.hibernate.engine.transaction.jta.platform.internal.NoJtaPlatform]
2022-09-04 22:53:26,782 INFO org.springframework.orm.jpa.AbstractEntityManagerFactoryBean [restartedMain] Initialized JPA EntityManagerFactory for persistence unit 'default'
2022-09-04 22:53:27,183 WARN org.springframework.boot.autoconfigure.orm.jpa.JpaBaseConfiguration$JpaWebConfiguration [restartedMain] spring.jpa.open-in-view is enabled by default. Therefore, database queries may be performed during view rendering. Explicitly configure spring.jpa.open-in-view to disable this warning
2022-09-04 22:53:28,053 WARN org.springframework.boot.devtools.autoconfigure.OptionalLiveReloadServer [restartedMain] Unable to start LiveReload server
2022-09-04 22:53:28,093 INFO org.springframework.boot.web.embedded.tomcat.TomcatWebServer [restartedMain] Tomcat started on port(s): 9002 (http) with context path ''
2022-09-04 22:53:28,104 INFO org.springframework.boot.StartupInfoLogger [restartedMain] Started CustomerApplication in 4.227 seconds (JVM running for 5.15)
2022-09-04 22:53:37,658 INFO org.apache.juli.logging.DirectJDKLog [http-nio-9002-exec-1] Initializing Spring DispatcherServlet 'dispatcherServlet'
2022-09-04 22:53:37,659 INFO org.springframework.web.servlet.FrameworkServlet [http-nio-9002-exec-1] Initializing Servlet 'dispatcherServlet'
2022-09-04 22:53:37,660 INFO org.springframework.web.servlet.FrameworkServlet [http-nio-9002-exec-1] Completed initialization in 1 ms
2022-09-04 22:53:38,051 INFO org.springdoc.api.AbstractOpenApiResource [http-nio-9002-exec-3] Init duration for springdoc-openapi is: 288 ms
2022-09-04 22:54:17,898 INFO com.furkanbacin.customer.controller.CustomerController [http-nio-9002-exec-2] getCustomers endpoint ran.
2022-09-04 22:54:17,908 DEBUG com.furkanbacin.customer.service.CustomerServiceImpl [http-nio-9002-exec-2] Fetching all customers
2022-09-04 22:54:33,700 INFO com.furkanbacin.customer.controller.CustomerController [http-nio-9002-exec-4] getProductCustomer endpoint ran with 1.
2022-09-04 22:55:04,326 INFO org.springframework.orm.jpa.AbstractEntityManagerFactoryBean [SpringApplicationShutdownHook] Closing JPA EntityManagerFactory for persistence unit 'default'
2022-09-04 22:55:04,330 INFO com.zaxxer.hikari.HikariDataSource [SpringApplicationShutdownHook] HikariPool-1 - Shutdown initiated...
2022-09-04 22:55:04,336 INFO com.zaxxer.hikari.HikariDataSource [SpringApplicationShutdownHook] HikariPool-1 - Shutdown completed.
